<?xml version="1.0" encoding="UTF-8"?>
<!-- Generated by org.testng.reporters.JUnitReportReporter -->
<testsuite hostname="LAPTOP-9L1N78GB" failures="0" tests="1" name="script.InvalidLogin" time="29.382" errors="0" timestamp="29 Jul 2022 02:31:33 GMT" skipped="0">
  <testcase classname="script.InvalidLogin" name="testInvalidLogin" time="29.382"/>
</testsuite> <!-- script.InvalidLogin -->
