<?xml version="1.0" encoding="UTF-8"?>
<!-- Generated by org.testng.reporters.JUnitReportReporter -->
<testsuite hostname="LAPTOP-9L1N78GB" failures="0" tests="1" name="script.InvalidLogin" time="13.723" errors="0" timestamp="27 Jul 2022 11:21:50 GMT" skipped="0">
  <testcase classname="script.InvalidLogin" name="testInvalidLogin" time="13.723"/>
</testsuite> <!-- script.InvalidLogin -->
