<?xml version="1.0" encoding="UTF-8"?>
<!-- Generated by org.testng.reporters.JUnitReportReporter -->
<testsuite hostname="LAPTOP-9L1N78GB" failures="0" tests="1" name="script.TestClass1" time="8.202" errors="0" timestamp="25 Jul 2022 14:33:16 GMT" skipped="0">
  <testcase classname="script.TestClass1" name="testA" time="8.202"/>
</testsuite> <!-- script.TestClass1 -->
